<?xml version="1.0" encoding="UTF-8"?>
<testng-results ignored="0" total="1" passed="1" failed="0" skipped="0">
  <reporter-output>
  </reporter-output>
  <suite started-at="2022-11-01T09:45:45 IST" name="Default suite" finished-at="2022-11-01T09:45:48 IST" duration-ms="3660">
    <groups>
    </groups>
    <test started-at="2022-11-01T09:45:45 IST" name="Default test" finished-at="2022-11-01T09:45:48 IST" duration-ms="3660">
      <class name="restproject.Live5PiasaAPI">
        <test-method signature="ClientLoginAPI()[pri:0, instance:restproject.Live5PiasaAPI@3232a28a]" started-at="2022-11-01T09:45:45 IST" name="ClientLoginAPI" finished-at="2022-11-01T09:45:48 IST" duration-ms="3616" status="PASS">
          <reporter-output>
          </reporter-output>
        </test-method> <!-- ClientLoginAPI -->
      </class> <!-- restproject.Live5PiasaAPI -->
    </test> <!-- Default test -->
  </suite> <!-- Default suite -->
</testng-results>
