<?xml version="1.0" encoding="UTF-8"?>
<testng-results ignored="0" total="2" passed="2" failed="0" skipped="0">
  <reporter-output>
  </reporter-output>
  <suite started-at="2022-11-04T15:29:37 IST" name="Default suite" finished-at="2022-11-04T15:29:40 IST" duration-ms="3078">
    <groups>
    </groups>
    <test started-at="2022-11-04T15:29:37 IST" name="Default test" finished-at="2022-11-04T15:29:40 IST" duration-ms="3078">
      <class name="restproject.UAT5PaisaAPI">
        <test-method signature="loginAPI()[pri:0, instance:restproject.UAT5PaisaAPI@7133da86]" started-at="2022-11-04T15:29:37 IST" name="loginAPI" finished-at="2022-11-04T15:29:39 IST" duration-ms="1944" status="PASS">
          <reporter-output>
          </reporter-output>
        </test-method> <!-- loginAPI -->
        <test-method signature="getTradeBook()[pri:1, instance:restproject.UAT5PaisaAPI@7133da86]" started-at="2022-11-04T15:29:39 IST" name="getTradeBook" finished-at="2022-11-04T15:29:40 IST" duration-ms="1099" status="PASS">
          <reporter-output>
          </reporter-output>
        </test-method> <!-- getTradeBook -->
      </class> <!-- restproject.UAT5PaisaAPI -->
    </test> <!-- Default test -->
  </suite> <!-- Default suite -->
</testng-results>
